[2012-06-08 00:03:21.560] [ debug ] array (
[2012-06-08 00:03:21.560] [ debug ]   'REDIRECT_STATUS' => '200',
[2012-06-08 00:03:21.560] [ debug ]   'HTTP_HOST' => 'omni.app.com',
[2012-06-08 00:03:21.560] [ debug ]   'HTTP_CONNECTION' => 'keep-alive',
[2012-06-08 00:03:21.560] [ debug ]   'HTTP_CACHE_CONTROL' => 'max-age=0',
[2012-06-08 00:03:21.560] [ debug ]   'HTTP_USER_AGENT' => 'Mozilla/5.0 (Macintosh; Intel Mac OS X 10_7_4) AppleWebKit/536.5 (KHTML, like Gecko) Chrome/19.0.1084.53 Safari/536.5',
[2012-06-08 00:03:21.560] [ debug ]   'HTTP_ACCEPT' => 'text/html,application/xhtml+xml,application/xml;q=0.9,*/*;q=0.8',
[2012-06-08 00:03:21.560] [ debug ]   'HTTP_ACCEPT_ENCODING' => 'gzip,deflate,sdch',
[2012-06-08 00:03:21.560] [ debug ]   'HTTP_ACCEPT_LANGUAGE' => 'zh-CN,zh;q=0.8',
[2012-06-08 00:03:21.560] [ debug ]   'HTTP_ACCEPT_CHARSET' => 'UTF-8,*;q=0.5',
[2012-06-08 00:03:21.560] [ debug ]   'PATH' => '/usr/bin:/bin:/usr/sbin:/sbin',
[2012-06-08 00:03:21.560] [ debug ]   'SERVER_SIGNATURE' => '<address>Apache/2.2.21 (Unix) DAV/2 PHP/5.3.10 with Suhosin-Patch Server at omni.app.com Port 80</address>
[2012-06-08 00:03:21.560] [ debug ] ',
[2012-06-08 00:03:21.560] [ debug ]   'SERVER_SOFTWARE' => 'Apache/2.2.21 (Unix) DAV/2 PHP/5.3.10 with Suhosin-Patch',
[2012-06-08 00:03:21.560] [ debug ]   'SERVER_NAME' => 'omni.app.com',
[2012-06-08 00:03:21.560] [ debug ]   'SERVER_ADDR' => '127.0.0.1',
[2012-06-08 00:03:21.560] [ debug ]   'SERVER_PORT' => '80',
[2012-06-08 00:03:21.560] [ debug ]   'REMOTE_ADDR' => '127.0.0.1',
[2012-06-08 00:03:21.560] [ debug ]   'DOCUMENT_ROOT' => '/Users/hfcorriez/Code/omniapp/app/public',
[2012-06-08 00:03:21.560] [ debug ]   'SERVER_ADMIN' => 'hfcorriez@gmail.com',
[2012-06-08 00:03:21.560] [ debug ]   'SCRIPT_FILENAME' => '/Users/hfcorriez/Code/omniapp/app/public/index.php',
[2012-06-08 00:03:21.560] [ debug ]   'REMOTE_PORT' => '56418',
[2012-06-08 00:03:21.560] [ debug ]   'REDIRECT_URL' => '/serverinfo',
[2012-06-08 00:03:21.560] [ debug ]   'GATEWAY_INTERFACE' => 'CGI/1.1',
[2012-06-08 00:03:21.560] [ debug ]   'SERVER_PROTOCOL' => 'HTTP/1.1',
[2012-06-08 00:03:21.560] [ debug ]   'REQUEST_METHOD' => 'GET',
[2012-06-08 00:03:21.560] [ debug ]   'QUERY_STRING' => '',
[2012-06-08 00:03:21.560] [ debug ]   'REQUEST_URI' => '/serverinfo',
[2012-06-08 00:03:21.560] [ debug ]   'SCRIPT_NAME' => '/index.php',
[2012-06-08 00:03:21.560] [ debug ]   'PATH_INFO' => '/serverinfo',
[2012-06-08 00:03:21.560] [ debug ]   'PATH_TRANSLATED' => 'redirect:/index.php/serverinfo',
[2012-06-08 00:03:21.560] [ debug ]   'PHP_SELF' => '/index.php/serverinfo',
[2012-06-08 00:03:21.560] [ debug ]   'REQUEST_TIME' => 1339085001,
[2012-06-08 00:03:21.560] [ debug ] )
[2012-06-08 00:03:22.420] [ debug ] array (
[2012-06-08 00:03:22.420] [ debug ]   'REDIRECT_STATUS' => '200',
[2012-06-08 00:03:22.420] [ debug ]   'HTTP_HOST' => 'omni.app.com',
[2012-06-08 00:03:22.420] [ debug ]   'HTTP_CONNECTION' => 'keep-alive',
[2012-06-08 00:03:22.420] [ debug ]   'HTTP_CACHE_CONTROL' => 'max-age=0',
[2012-06-08 00:03:22.420] [ debug ]   'HTTP_USER_AGENT' => 'Mozilla/5.0 (Macintosh; Intel Mac OS X 10_7_4) AppleWebKit/536.5 (KHTML, like Gecko) Chrome/19.0.1084.53 Safari/536.5',
[2012-06-08 00:03:22.420] [ debug ]   'HTTP_ACCEPT' => 'text/html,application/xhtml+xml,application/xml;q=0.9,*/*;q=0.8',
[2012-06-08 00:03:22.420] [ debug ]   'HTTP_ACCEPT_ENCODING' => 'gzip,deflate,sdch',
[2012-06-08 00:03:22.420] [ debug ]   'HTTP_ACCEPT_LANGUAGE' => 'zh-CN,zh;q=0.8',
[2012-06-08 00:03:22.420] [ debug ]   'HTTP_ACCEPT_CHARSET' => 'UTF-8,*;q=0.5',
[2012-06-08 00:03:22.420] [ debug ]   'PATH' => '/usr/bin:/bin:/usr/sbin:/sbin',
[2012-06-08 00:03:22.420] [ debug ]   'SERVER_SIGNATURE' => '<address>Apache/2.2.21 (Unix) DAV/2 PHP/5.3.10 with Suhosin-Patch Server at omni.app.com Port 80</address>
[2012-06-08 00:03:22.420] [ debug ] ',
[2012-06-08 00:03:22.420] [ debug ]   'SERVER_SOFTWARE' => 'Apache/2.2.21 (Unix) DAV/2 PHP/5.3.10 with Suhosin-Patch',
[2012-06-08 00:03:22.420] [ debug ]   'SERVER_NAME' => 'omni.app.com',
[2012-06-08 00:03:22.420] [ debug ]   'SERVER_ADDR' => '127.0.0.1',
[2012-06-08 00:03:22.420] [ debug ]   'SERVER_PORT' => '80',
[2012-06-08 00:03:22.420] [ debug ]   'REMOTE_ADDR' => '127.0.0.1',
[2012-06-08 00:03:22.420] [ debug ]   'DOCUMENT_ROOT' => '/Users/hfcorriez/Code/omniapp/app/public',
[2012-06-08 00:03:22.420] [ debug ]   'SERVER_ADMIN' => 'hfcorriez@gmail.com',
[2012-06-08 00:03:22.420] [ debug ]   'SCRIPT_FILENAME' => '/Users/hfcorriez/Code/omniapp/app/public/index.php',
[2012-06-08 00:03:22.420] [ debug ]   'REMOTE_PORT' => '56418',
[2012-06-08 00:03:22.420] [ debug ]   'REDIRECT_URL' => '/serverinfo',
[2012-06-08 00:03:22.420] [ debug ]   'GATEWAY_INTERFACE' => 'CGI/1.1',
[2012-06-08 00:03:22.420] [ debug ]   'SERVER_PROTOCOL' => 'HTTP/1.1',
[2012-06-08 00:03:22.420] [ debug ]   'REQUEST_METHOD' => 'GET',
[2012-06-08 00:03:22.420] [ debug ]   'QUERY_STRING' => '',
[2012-06-08 00:03:22.420] [ debug ]   'REQUEST_URI' => '/serverinfo',
[2012-06-08 00:03:22.420] [ debug ]   'SCRIPT_NAME' => '/index.php',
[2012-06-08 00:03:22.420] [ debug ]   'PATH_INFO' => '/serverinfo',
[2012-06-08 00:03:22.420] [ debug ]   'PATH_TRANSLATED' => 'redirect:/index.php/serverinfo',
[2012-06-08 00:03:22.420] [ debug ]   'PHP_SELF' => '/index.php/serverinfo',
[2012-06-08 00:03:22.420] [ debug ]   'REQUEST_TIME' => 1339085002,
[2012-06-08 00:03:22.420] [ debug ] )
[2012-06-08 00:03:32.411] [ debug ] array (
[2012-06-08 00:03:32.411] [ debug ]   'REDIRECT_STATUS' => '200',
[2012-06-08 00:03:32.411] [ debug ]   'HTTP_HOST' => 'omni.app.com',
[2012-06-08 00:03:32.411] [ debug ]   'HTTP_CONNECTION' => 'keep-alive',
[2012-06-08 00:03:32.411] [ debug ]   'HTTP_CACHE_CONTROL' => 'max-age=0',
[2012-06-08 00:03:32.411] [ debug ]   'HTTP_USER_AGENT' => 'Mozilla/5.0 (Macintosh; Intel Mac OS X 10_7_4) AppleWebKit/536.5 (KHTML, like Gecko) Chrome/19.0.1084.53 Safari/536.5',
[2012-06-08 00:03:32.411] [ debug ]   'HTTP_ACCEPT' => 'text/html,application/xhtml+xml,application/xml;q=0.9,*/*;q=0.8',
[2012-06-08 00:03:32.411] [ debug ]   'HTTP_ACCEPT_ENCODING' => 'gzip,deflate,sdch',
[2012-06-08 00:03:32.411] [ debug ]   'HTTP_ACCEPT_LANGUAGE' => 'zh-CN,zh;q=0.8',
[2012-06-08 00:03:32.411] [ debug ]   'HTTP_ACCEPT_CHARSET' => 'UTF-8,*;q=0.5',
[2012-06-08 00:03:32.411] [ debug ]   'PATH' => '/usr/bin:/bin:/usr/sbin:/sbin',
[2012-06-08 00:03:32.411] [ debug ]   'SERVER_SIGNATURE' => '<address>Apache/2.2.21 (Unix) DAV/2 PHP/5.3.10 with Suhosin-Patch Server at omni.app.com Port 80</address>
[2012-06-08 00:03:32.411] [ debug ] ',
[2012-06-08 00:03:32.411] [ debug ]   'SERVER_SOFTWARE' => 'Apache/2.2.21 (Unix) DAV/2 PHP/5.3.10 with Suhosin-Patch',
[2012-06-08 00:03:32.411] [ debug ]   'SERVER_NAME' => 'omni.app.com',
[2012-06-08 00:03:32.411] [ debug ]   'SERVER_ADDR' => '127.0.0.1',
[2012-06-08 00:03:32.411] [ debug ]   'SERVER_PORT' => '80',
[2012-06-08 00:03:32.411] [ debug ]   'REMOTE_ADDR' => '127.0.0.1',
[2012-06-08 00:03:32.411] [ debug ]   'DOCUMENT_ROOT' => '/Users/hfcorriez/Code/omniapp/app/public',
[2012-06-08 00:03:32.411] [ debug ]   'SERVER_ADMIN' => 'hfcorriez@gmail.com',
[2012-06-08 00:03:32.411] [ debug ]   'SCRIPT_FILENAME' => '/Users/hfcorriez/Code/omniapp/app/public/index.php',
[2012-06-08 00:03:32.411] [ debug ]   'REMOTE_PORT' => '56418',
[2012-06-08 00:03:32.411] [ debug ]   'REDIRECT_URL' => '/serverinfo',
[2012-06-08 00:03:32.411] [ debug ]   'GATEWAY_INTERFACE' => 'CGI/1.1',
[2012-06-08 00:03:32.411] [ debug ]   'SERVER_PROTOCOL' => 'HTTP/1.1',
[2012-06-08 00:03:32.411] [ debug ]   'REQUEST_METHOD' => 'GET',
[2012-06-08 00:03:32.411] [ debug ]   'QUERY_STRING' => '',
[2012-06-08 00:03:32.411] [ debug ]   'REQUEST_URI' => '/serverinfo',
[2012-06-08 00:03:32.411] [ debug ]   'SCRIPT_NAME' => '/index.php',
[2012-06-08 00:03:32.411] [ debug ]   'PATH_INFO' => '/serverinfo',
[2012-06-08 00:03:32.411] [ debug ]   'PATH_TRANSLATED' => 'redirect:/index.php/serverinfo',
[2012-06-08 00:03:32.411] [ debug ]   'PHP_SELF' => '/index.php/serverinfo',
[2012-06-08 00:03:32.411] [ debug ]   'REQUEST_TIME' => 1339085012,
[2012-06-08 00:03:32.411] [ debug ] )
[2012-06-08 00:05:34.381] [ debug ] array (
[2012-06-08 00:05:34.381] [ debug ]   'REDIRECT_STATUS' => '200',
[2012-06-08 00:05:34.381] [ debug ]   'HTTP_HOST' => 'omni.app.com',
[2012-06-08 00:05:34.381] [ debug ]   'HTTP_CONNECTION' => 'keep-alive',
[2012-06-08 00:05:34.381] [ debug ]   'HTTP_CACHE_CONTROL' => 'max-age=0',
[2012-06-08 00:05:34.381] [ debug ]   'HTTP_USER_AGENT' => 'Mozilla/5.0 (Macintosh; Intel Mac OS X 10_7_4) AppleWebKit/536.5 (KHTML, like Gecko) Chrome/19.0.1084.53 Safari/536.5',
[2012-06-08 00:05:34.381] [ debug ]   'HTTP_ACCEPT' => 'text/html,application/xhtml+xml,application/xml;q=0.9,*/*;q=0.8',
[2012-06-08 00:05:34.381] [ debug ]   'HTTP_ACCEPT_ENCODING' => 'gzip,deflate,sdch',
[2012-06-08 00:05:34.381] [ debug ]   'HTTP_ACCEPT_LANGUAGE' => 'zh-CN,zh;q=0.8',
[2012-06-08 00:05:34.381] [ debug ]   'HTTP_ACCEPT_CHARSET' => 'UTF-8,*;q=0.5',
[2012-06-08 00:05:34.381] [ debug ]   'PATH' => '/usr/bin:/bin:/usr/sbin:/sbin',
[2012-06-08 00:05:34.381] [ debug ]   'SERVER_SIGNATURE' => '<address>Apache/2.2.21 (Unix) DAV/2 PHP/5.3.10 with Suhosin-Patch Server at omni.app.com Port 80</address>
[2012-06-08 00:05:34.381] [ debug ] ',
[2012-06-08 00:05:34.381] [ debug ]   'SERVER_SOFTWARE' => 'Apache/2.2.21 (Unix) DAV/2 PHP/5.3.10 with Suhosin-Patch',
[2012-06-08 00:05:34.381] [ debug ]   'SERVER_NAME' => 'omni.app.com',
[2012-06-08 00:05:34.381] [ debug ]   'SERVER_ADDR' => '127.0.0.1',
[2012-06-08 00:05:34.381] [ debug ]   'SERVER_PORT' => '80',
[2012-06-08 00:05:34.381] [ debug ]   'REMOTE_ADDR' => '127.0.0.1',
[2012-06-08 00:05:34.381] [ debug ]   'DOCUMENT_ROOT' => '/Users/hfcorriez/Code/omniapp/app/public',
[2012-06-08 00:05:34.381] [ debug ]   'SERVER_ADMIN' => 'hfcorriez@gmail.com',
[2012-06-08 00:05:34.381] [ debug ]   'SCRIPT_FILENAME' => '/Users/hfcorriez/Code/omniapp/app/public/index.php',
[2012-06-08 00:05:34.381] [ debug ]   'REMOTE_PORT' => '56457',
[2012-06-08 00:05:34.381] [ debug ]   'REDIRECT_URL' => '/serverinfo',
[2012-06-08 00:05:34.381] [ debug ]   'GATEWAY_INTERFACE' => 'CGI/1.1',
[2012-06-08 00:05:34.381] [ debug ]   'SERVER_PROTOCOL' => 'HTTP/1.1',
[2012-06-08 00:05:34.381] [ debug ]   'REQUEST_METHOD' => 'GET',
[2012-06-08 00:05:34.381] [ debug ]   'QUERY_STRING' => '',
[2012-06-08 00:05:34.381] [ debug ]   'REQUEST_URI' => '/serverinfo',
[2012-06-08 00:05:34.381] [ debug ]   'SCRIPT_NAME' => '/index.php',
[2012-06-08 00:05:34.381] [ debug ]   'PATH_INFO' => '/serverinfo',
[2012-06-08 00:05:34.381] [ debug ]   'PATH_TRANSLATED' => 'redirect:/index.php/serverinfo',
[2012-06-08 00:05:34.381] [ debug ]   'PHP_SELF' => '/index.php/serverinfo',
[2012-06-08 00:05:34.381] [ debug ]   'REQUEST_TIME' => 1339085134,
[2012-06-08 00:05:34.381] [ debug ] )
[2012-06-08 00:05:45.212] [ debug ] array (
[2012-06-08 00:05:45.212] [ debug ]   'REDIRECT_STATUS' => '200',
[2012-06-08 00:05:45.212] [ debug ]   'HTTP_HOST' => 'omni.app.com',
[2012-06-08 00:05:45.212] [ debug ]   'HTTP_CONNECTION' => 'keep-alive',
[2012-06-08 00:05:45.212] [ debug ]   'HTTP_CACHE_CONTROL' => 'max-age=0',
[2012-06-08 00:05:45.212] [ debug ]   'HTTP_USER_AGENT' => 'Mozilla/5.0 (Macintosh; Intel Mac OS X 10_7_4) AppleWebKit/536.5 (KHTML, like Gecko) Chrome/19.0.1084.53 Safari/536.5',
[2012-06-08 00:05:45.212] [ debug ]   'HTTP_ACCEPT' => 'text/html,application/xhtml+xml,application/xml;q=0.9,*/*;q=0.8',
[2012-06-08 00:05:45.212] [ debug ]   'HTTP_ACCEPT_ENCODING' => 'gzip,deflate,sdch',
[2012-06-08 00:05:45.212] [ debug ]   'HTTP_ACCEPT_LANGUAGE' => 'zh-CN,zh;q=0.8',
[2012-06-08 00:05:45.212] [ debug ]   'HTTP_ACCEPT_CHARSET' => 'UTF-8,*;q=0.5',
[2012-06-08 00:05:45.212] [ debug ]   'PATH' => '/usr/bin:/bin:/usr/sbin:/sbin',
[2012-06-08 00:05:45.212] [ debug ]   'SERVER_SIGNATURE' => '<address>Apache/2.2.21 (Unix) DAV/2 PHP/5.3.10 with Suhosin-Patch Server at omni.app.com Port 80</address>
[2012-06-08 00:05:45.212] [ debug ] ',
[2012-06-08 00:05:45.212] [ debug ]   'SERVER_SOFTWARE' => 'Apache/2.2.21 (Unix) DAV/2 PHP/5.3.10 with Suhosin-Patch',
[2012-06-08 00:05:45.212] [ debug ]   'SERVER_NAME' => 'omni.app.com',
[2012-06-08 00:05:45.212] [ debug ]   'SERVER_ADDR' => '127.0.0.1',
[2012-06-08 00:05:45.212] [ debug ]   'SERVER_PORT' => '80',
[2012-06-08 00:05:45.212] [ debug ]   'REMOTE_ADDR' => '127.0.0.1',
[2012-06-08 00:05:45.212] [ debug ]   'DOCUMENT_ROOT' => '/Users/hfcorriez/Code/omniapp/app/public',
[2012-06-08 00:05:45.212] [ debug ]   'SERVER_ADMIN' => 'hfcorriez@gmail.com',
[2012-06-08 00:05:45.212] [ debug ]   'SCRIPT_FILENAME' => '/Users/hfcorriez/Code/omniapp/app/public/index.php',
[2012-06-08 00:05:45.212] [ debug ]   'REMOTE_PORT' => '56457',
[2012-06-08 00:05:45.212] [ debug ]   'REDIRECT_URL' => '/serverinfo',
[2012-06-08 00:05:45.212] [ debug ]   'GATEWAY_INTERFACE' => 'CGI/1.1',
[2012-06-08 00:05:45.212] [ debug ]   'SERVER_PROTOCOL' => 'HTTP/1.1',
[2012-06-08 00:05:45.212] [ debug ]   'REQUEST_METHOD' => 'GET',
[2012-06-08 00:05:45.212] [ debug ]   'QUERY_STRING' => '',
[2012-06-08 00:05:45.212] [ debug ]   'REQUEST_URI' => '/serverinfo',
[2012-06-08 00:05:45.212] [ debug ]   'SCRIPT_NAME' => '/index.php',
[2012-06-08 00:05:45.212] [ debug ]   'PATH_INFO' => '/serverinfo',
[2012-06-08 00:05:45.212] [ debug ]   'PATH_TRANSLATED' => 'redirect:/index.php/serverinfo',
[2012-06-08 00:05:45.212] [ debug ]   'PHP_SELF' => '/index.php/serverinfo',
[2012-06-08 00:05:45.212] [ debug ]   'REQUEST_TIME' => 1339085145,
[2012-06-08 00:05:45.212] [ debug ] )
[2012-06-08 00:05:46.600] [ debug ] array (
[2012-06-08 00:05:46.600] [ debug ]   'REDIRECT_STATUS' => '200',
[2012-06-08 00:05:46.600] [ debug ]   'HTTP_HOST' => 'omni.app.com',
[2012-06-08 00:05:46.600] [ debug ]   'HTTP_CONNECTION' => 'keep-alive',
[2012-06-08 00:05:46.600] [ debug ]   'HTTP_CACHE_CONTROL' => 'max-age=0',
[2012-06-08 00:05:46.600] [ debug ]   'HTTP_USER_AGENT' => 'Mozilla/5.0 (Macintosh; Intel Mac OS X 10_7_4) AppleWebKit/536.5 (KHTML, like Gecko) Chrome/19.0.1084.53 Safari/536.5',
[2012-06-08 00:05:46.600] [ debug ]   'HTTP_ACCEPT' => 'text/html,application/xhtml+xml,application/xml;q=0.9,*/*;q=0.8',
[2012-06-08 00:05:46.600] [ debug ]   'HTTP_ACCEPT_ENCODING' => 'gzip,deflate,sdch',
[2012-06-08 00:05:46.600] [ debug ]   'HTTP_ACCEPT_LANGUAGE' => 'zh-CN,zh;q=0.8',
[2012-06-08 00:05:46.600] [ debug ]   'HTTP_ACCEPT_CHARSET' => 'UTF-8,*;q=0.5',
[2012-06-08 00:05:46.600] [ debug ]   'PATH' => '/usr/bin:/bin:/usr/sbin:/sbin',
[2012-06-08 00:05:46.600] [ debug ]   'SERVER_SIGNATURE' => '<address>Apache/2.2.21 (Unix) DAV/2 PHP/5.3.10 with Suhosin-Patch Server at omni.app.com Port 80</address>
[2012-06-08 00:05:46.600] [ debug ] ',
[2012-06-08 00:05:46.600] [ debug ]   'SERVER_SOFTWARE' => 'Apache/2.2.21 (Unix) DAV/2 PHP/5.3.10 with Suhosin-Patch',
[2012-06-08 00:05:46.600] [ debug ]   'SERVER_NAME' => 'omni.app.com',
[2012-06-08 00:05:46.600] [ debug ]   'SERVER_ADDR' => '127.0.0.1',
[2012-06-08 00:05:46.600] [ debug ]   'SERVER_PORT' => '80',
[2012-06-08 00:05:46.600] [ debug ]   'REMOTE_ADDR' => '127.0.0.1',
[2012-06-08 00:05:46.600] [ debug ]   'DOCUMENT_ROOT' => '/Users/hfcorriez/Code/omniapp/app/public',
[2012-06-08 00:05:46.600] [ debug ]   'SERVER_ADMIN' => 'hfcorriez@gmail.com',
[2012-06-08 00:05:46.600] [ debug ]   'SCRIPT_FILENAME' => '/Users/hfcorriez/Code/omniapp/app/public/index.php',
[2012-06-08 00:05:46.600] [ debug ]   'REMOTE_PORT' => '56457',
[2012-06-08 00:05:46.600] [ debug ]   'REDIRECT_URL' => '/serverinfo',
[2012-06-08 00:05:46.600] [ debug ]   'GATEWAY_INTERFACE' => 'CGI/1.1',
[2012-06-08 00:05:46.600] [ debug ]   'SERVER_PROTOCOL' => 'HTTP/1.1',
[2012-06-08 00:05:46.600] [ debug ]   'REQUEST_METHOD' => 'GET',
[2012-06-08 00:05:46.600] [ debug ]   'QUERY_STRING' => '',
[2012-06-08 00:05:46.600] [ debug ]   'REQUEST_URI' => '/serverinfo',
[2012-06-08 00:05:46.600] [ debug ]   'SCRIPT_NAME' => '/index.php',
[2012-06-08 00:05:46.600] [ debug ]   'PATH_INFO' => '/serverinfo',
[2012-06-08 00:05:46.600] [ debug ]   'PATH_TRANSLATED' => 'redirect:/index.php/serverinfo',
[2012-06-08 00:05:46.600] [ debug ]   'PHP_SELF' => '/index.php/serverinfo',
[2012-06-08 00:05:46.600] [ debug ]   'REQUEST_TIME' => 1339085146,
[2012-06-08 00:05:46.600] [ debug ] )
[2012-06-08 00:05:46.845] [ debug ] array (
[2012-06-08 00:05:46.845] [ debug ]   'REDIRECT_STATUS' => '200',
[2012-06-08 00:05:46.845] [ debug ]   'HTTP_HOST' => 'omni.app.com',
[2012-06-08 00:05:46.845] [ debug ]   'HTTP_CONNECTION' => 'keep-alive',
[2012-06-08 00:05:46.845] [ debug ]   'HTTP_CACHE_CONTROL' => 'max-age=0',
[2012-06-08 00:05:46.845] [ debug ]   'HTTP_USER_AGENT' => 'Mozilla/5.0 (Macintosh; Intel Mac OS X 10_7_4) AppleWebKit/536.5 (KHTML, like Gecko) Chrome/19.0.1084.53 Safari/536.5',
[2012-06-08 00:05:46.845] [ debug ]   'HTTP_ACCEPT' => 'text/html,application/xhtml+xml,application/xml;q=0.9,*/*;q=0.8',
[2012-06-08 00:05:46.845] [ debug ]   'HTTP_ACCEPT_ENCODING' => 'gzip,deflate,sdch',
[2012-06-08 00:05:46.845] [ debug ]   'HTTP_ACCEPT_LANGUAGE' => 'zh-CN,zh;q=0.8',
[2012-06-08 00:05:46.845] [ debug ]   'HTTP_ACCEPT_CHARSET' => 'UTF-8,*;q=0.5',
[2012-06-08 00:05:46.845] [ debug ]   'PATH' => '/usr/bin:/bin:/usr/sbin:/sbin',
[2012-06-08 00:05:46.845] [ debug ]   'SERVER_SIGNATURE' => '<address>Apache/2.2.21 (Unix) DAV/2 PHP/5.3.10 with Suhosin-Patch Server at omni.app.com Port 80</address>
[2012-06-08 00:05:46.845] [ debug ] ',
[2012-06-08 00:05:46.845] [ debug ]   'SERVER_SOFTWARE' => 'Apache/2.2.21 (Unix) DAV/2 PHP/5.3.10 with Suhosin-Patch',
[2012-06-08 00:05:46.845] [ debug ]   'SERVER_NAME' => 'omni.app.com',
[2012-06-08 00:05:46.845] [ debug ]   'SERVER_ADDR' => '127.0.0.1',
[2012-06-08 00:05:46.845] [ debug ]   'SERVER_PORT' => '80',
[2012-06-08 00:05:46.845] [ debug ]   'REMOTE_ADDR' => '127.0.0.1',
[2012-06-08 00:05:46.845] [ debug ]   'DOCUMENT_ROOT' => '/Users/hfcorriez/Code/omniapp/app/public',
[2012-06-08 00:05:46.845] [ debug ]   'SERVER_ADMIN' => 'hfcorriez@gmail.com',
[2012-06-08 00:05:46.845] [ debug ]   'SCRIPT_FILENAME' => '/Users/hfcorriez/Code/omniapp/app/public/index.php',
[2012-06-08 00:05:46.845] [ debug ]   'REMOTE_PORT' => '56457',
[2012-06-08 00:05:46.845] [ debug ]   'REDIRECT_URL' => '/serverinfo',
[2012-06-08 00:05:46.845] [ debug ]   'GATEWAY_INTERFACE' => 'CGI/1.1',
[2012-06-08 00:05:46.845] [ debug ]   'SERVER_PROTOCOL' => 'HTTP/1.1',
[2012-06-08 00:05:46.845] [ debug ]   'REQUEST_METHOD' => 'GET',
[2012-06-08 00:05:46.845] [ debug ]   'QUERY_STRING' => '',
[2012-06-08 00:05:46.845] [ debug ]   'REQUEST_URI' => '/serverinfo',
[2012-06-08 00:05:46.845] [ debug ]   'SCRIPT_NAME' => '/index.php',
[2012-06-08 00:05:46.845] [ debug ]   'PATH_INFO' => '/serverinfo',
[2012-06-08 00:05:46.845] [ debug ]   'PATH_TRANSLATED' => 'redirect:/index.php/serverinfo',
[2012-06-08 00:05:46.845] [ debug ]   'PHP_SELF' => '/index.php/serverinfo',
[2012-06-08 00:05:46.845] [ debug ]   'REQUEST_TIME' => 1339085146,
[2012-06-08 00:05:46.845] [ debug ] )
[2012-06-08 00:05:47.142] [ debug ] array (
[2012-06-08 00:05:47.142] [ debug ]   'REDIRECT_STATUS' => '200',
[2012-06-08 00:05:47.142] [ debug ]   'HTTP_HOST' => 'omni.app.com',
[2012-06-08 00:05:47.142] [ debug ]   'HTTP_CONNECTION' => 'keep-alive',
[2012-06-08 00:05:47.142] [ debug ]   'HTTP_CACHE_CONTROL' => 'max-age=0',
[2012-06-08 00:05:47.142] [ debug ]   'HTTP_USER_AGENT' => 'Mozilla/5.0 (Macintosh; Intel Mac OS X 10_7_4) AppleWebKit/536.5 (KHTML, like Gecko) Chrome/19.0.1084.53 Safari/536.5',
[2012-06-08 00:05:47.142] [ debug ]   'HTTP_ACCEPT' => 'text/html,application/xhtml+xml,application/xml;q=0.9,*/*;q=0.8',
[2012-06-08 00:05:47.142] [ debug ]   'HTTP_ACCEPT_ENCODING' => 'gzip,deflate,sdch',
[2012-06-08 00:05:47.142] [ debug ]   'HTTP_ACCEPT_LANGUAGE' => 'zh-CN,zh;q=0.8',
[2012-06-08 00:05:47.142] [ debug ]   'HTTP_ACCEPT_CHARSET' => 'UTF-8,*;q=0.5',
[2012-06-08 00:05:47.142] [ debug ]   'PATH' => '/usr/bin:/bin:/usr/sbin:/sbin',
[2012-06-08 00:05:47.142] [ debug ]   'SERVER_SIGNATURE' => '<address>Apache/2.2.21 (Unix) DAV/2 PHP/5.3.10 with Suhosin-Patch Server at omni.app.com Port 80</address>
[2012-06-08 00:05:47.142] [ debug ] ',
[2012-06-08 00:05:47.142] [ debug ]   'SERVER_SOFTWARE' => 'Apache/2.2.21 (Unix) DAV/2 PHP/5.3.10 with Suhosin-Patch',
[2012-06-08 00:05:47.142] [ debug ]   'SERVER_NAME' => 'omni.app.com',
[2012-06-08 00:05:47.142] [ debug ]   'SERVER_ADDR' => '127.0.0.1',
[2012-06-08 00:05:47.142] [ debug ]   'SERVER_PORT' => '80',
[2012-06-08 00:05:47.142] [ debug ]   'REMOTE_ADDR' => '127.0.0.1',
[2012-06-08 00:05:47.142] [ debug ]   'DOCUMENT_ROOT' => '/Users/hfcorriez/Code/omniapp/app/public',
[2012-06-08 00:05:47.142] [ debug ]   'SERVER_ADMIN' => 'hfcorriez@gmail.com',
[2012-06-08 00:05:47.142] [ debug ]   'SCRIPT_FILENAME' => '/Users/hfcorriez/Code/omniapp/app/public/index.php',
[2012-06-08 00:05:47.142] [ debug ]   'REMOTE_PORT' => '56457',
[2012-06-08 00:05:47.142] [ debug ]   'REDIRECT_URL' => '/serverinfo',
[2012-06-08 00:05:47.142] [ debug ]   'GATEWAY_INTERFACE' => 'CGI/1.1',
[2012-06-08 00:05:47.142] [ debug ]   'SERVER_PROTOCOL' => 'HTTP/1.1',
[2012-06-08 00:05:47.142] [ debug ]   'REQUEST_METHOD' => 'GET',
[2012-06-08 00:05:47.142] [ debug ]   'QUERY_STRING' => '',
[2012-06-08 00:05:47.142] [ debug ]   'REQUEST_URI' => '/serverinfo',
[2012-06-08 00:05:47.142] [ debug ]   'SCRIPT_NAME' => '/index.php',
[2012-06-08 00:05:47.142] [ debug ]   'PATH_INFO' => '/serverinfo',
[2012-06-08 00:05:47.142] [ debug ]   'PATH_TRANSLATED' => 'redirect:/index.php/serverinfo',
[2012-06-08 00:05:47.142] [ debug ]   'PHP_SELF' => '/index.php/serverinfo',
[2012-06-08 00:05:47.142] [ debug ]   'REQUEST_TIME' => 1339085147,
[2012-06-08 00:05:47.142] [ debug ] )
[2012-06-08 00:05:47.413] [ debug ] array (
[2012-06-08 00:05:47.413] [ debug ]   'REDIRECT_STATUS' => '200',
[2012-06-08 00:05:47.413] [ debug ]   'HTTP_HOST' => 'omni.app.com',
[2012-06-08 00:05:47.413] [ debug ]   'HTTP_CONNECTION' => 'keep-alive',
[2012-06-08 00:05:47.413] [ debug ]   'HTTP_CACHE_CONTROL' => 'max-age=0',
[2012-06-08 00:05:47.413] [ debug ]   'HTTP_USER_AGENT' => 'Mozilla/5.0 (Macintosh; Intel Mac OS X 10_7_4) AppleWebKit/536.5 (KHTML, like Gecko) Chrome/19.0.1084.53 Safari/536.5',
[2012-06-08 00:05:47.413] [ debug ]   'HTTP_ACCEPT' => 'text/html,application/xhtml+xml,application/xml;q=0.9,*/*;q=0.8',
[2012-06-08 00:05:47.413] [ debug ]   'HTTP_ACCEPT_ENCODING' => 'gzip,deflate,sdch',
[2012-06-08 00:05:47.413] [ debug ]   'HTTP_ACCEPT_LANGUAGE' => 'zh-CN,zh;q=0.8',
[2012-06-08 00:05:47.413] [ debug ]   'HTTP_ACCEPT_CHARSET' => 'UTF-8,*;q=0.5',
[2012-06-08 00:05:47.413] [ debug ]   'PATH' => '/usr/bin:/bin:/usr/sbin:/sbin',
[2012-06-08 00:05:47.413] [ debug ]   'SERVER_SIGNATURE' => '<address>Apache/2.2.21 (Unix) DAV/2 PHP/5.3.10 with Suhosin-Patch Server at omni.app.com Port 80</address>
[2012-06-08 00:05:47.413] [ debug ] ',
[2012-06-08 00:05:47.413] [ debug ]   'SERVER_SOFTWARE' => 'Apache/2.2.21 (Unix) DAV/2 PHP/5.3.10 with Suhosin-Patch',
[2012-06-08 00:05:47.413] [ debug ]   'SERVER_NAME' => 'omni.app.com',
[2012-06-08 00:05:47.413] [ debug ]   'SERVER_ADDR' => '127.0.0.1',
[2012-06-08 00:05:47.413] [ debug ]   'SERVER_PORT' => '80',
[2012-06-08 00:05:47.413] [ debug ]   'REMOTE_ADDR' => '127.0.0.1',
[2012-06-08 00:05:47.413] [ debug ]   'DOCUMENT_ROOT' => '/Users/hfcorriez/Code/omniapp/app/public',
[2012-06-08 00:05:47.413] [ debug ]   'SERVER_ADMIN' => 'hfcorriez@gmail.com',
[2012-06-08 00:05:47.413] [ debug ]   'SCRIPT_FILENAME' => '/Users/hfcorriez/Code/omniapp/app/public/index.php',
[2012-06-08 00:05:47.413] [ debug ]   'REMOTE_PORT' => '56457',
[2012-06-08 00:05:47.413] [ debug ]   'REDIRECT_URL' => '/serverinfo',
[2012-06-08 00:05:47.413] [ debug ]   'GATEWAY_INTERFACE' => 'CGI/1.1',
[2012-06-08 00:05:47.413] [ debug ]   'SERVER_PROTOCOL' => 'HTTP/1.1',
[2012-06-08 00:05:47.413] [ debug ]   'REQUEST_METHOD' => 'GET',
[2012-06-08 00:05:47.413] [ debug ]   'QUERY_STRING' => '',
[2012-06-08 00:05:47.413] [ debug ]   'REQUEST_URI' => '/serverinfo',
[2012-06-08 00:05:47.413] [ debug ]   'SCRIPT_NAME' => '/index.php',
[2012-06-08 00:05:47.413] [ debug ]   'PATH_INFO' => '/serverinfo',
[2012-06-08 00:05:47.413] [ debug ]   'PATH_TRANSLATED' => 'redirect:/index.php/serverinfo',
[2012-06-08 00:05:47.413] [ debug ]   'PHP_SELF' => '/index.php/serverinfo',
[2012-06-08 00:05:47.413] [ debug ]   'REQUEST_TIME' => 1339085147,
[2012-06-08 00:05:47.413] [ debug ] )
[2012-06-08 00:05:47.670] [ debug ] array (
[2012-06-08 00:05:47.670] [ debug ]   'REDIRECT_STATUS' => '200',
[2012-06-08 00:05:47.670] [ debug ]   'HTTP_HOST' => 'omni.app.com',
[2012-06-08 00:05:47.670] [ debug ]   'HTTP_CONNECTION' => 'keep-alive',
[2012-06-08 00:05:47.670] [ debug ]   'HTTP_CACHE_CONTROL' => 'max-age=0',
[2012-06-08 00:05:47.670] [ debug ]   'HTTP_USER_AGENT' => 'Mozilla/5.0 (Macintosh; Intel Mac OS X 10_7_4) AppleWebKit/536.5 (KHTML, like Gecko) Chrome/19.0.1084.53 Safari/536.5',
[2012-06-08 00:05:47.670] [ debug ]   'HTTP_ACCEPT' => 'text/html,application/xhtml+xml,application/xml;q=0.9,*/*;q=0.8',
[2012-06-08 00:05:47.670] [ debug ]   'HTTP_ACCEPT_ENCODING' => 'gzip,deflate,sdch',
[2012-06-08 00:05:47.670] [ debug ]   'HTTP_ACCEPT_LANGUAGE' => 'zh-CN,zh;q=0.8',
[2012-06-08 00:05:47.670] [ debug ]   'HTTP_ACCEPT_CHARSET' => 'UTF-8,*;q=0.5',
[2012-06-08 00:05:47.670] [ debug ]   'PATH' => '/usr/bin:/bin:/usr/sbin:/sbin',
[2012-06-08 00:05:47.670] [ debug ]   'SERVER_SIGNATURE' => '<address>Apache/2.2.21 (Unix) DAV/2 PHP/5.3.10 with Suhosin-Patch Server at omni.app.com Port 80</address>
[2012-06-08 00:05:47.670] [ debug ] ',
[2012-06-08 00:05:47.670] [ debug ]   'SERVER_SOFTWARE' => 'Apache/2.2.21 (Unix) DAV/2 PHP/5.3.10 with Suhosin-Patch',
[2012-06-08 00:05:47.670] [ debug ]   'SERVER_NAME' => 'omni.app.com',
[2012-06-08 00:05:47.670] [ debug ]   'SERVER_ADDR' => '127.0.0.1',
[2012-06-08 00:05:47.670] [ debug ]   'SERVER_PORT' => '80',
[2012-06-08 00:05:47.670] [ debug ]   'REMOTE_ADDR' => '127.0.0.1',
[2012-06-08 00:05:47.670] [ debug ]   'DOCUMENT_ROOT' => '/Users/hfcorriez/Code/omniapp/app/public',
[2012-06-08 00:05:47.670] [ debug ]   'SERVER_ADMIN' => 'hfcorriez@gmail.com',
[2012-06-08 00:05:47.670] [ debug ]   'SCRIPT_FILENAME' => '/Users/hfcorriez/Code/omniapp/app/public/index.php',
[2012-06-08 00:05:47.670] [ debug ]   'REMOTE_PORT' => '56457',
[2012-06-08 00:05:47.670] [ debug ]   'REDIRECT_URL' => '/serverinfo',
[2012-06-08 00:05:47.670] [ debug ]   'GATEWAY_INTERFACE' => 'CGI/1.1',
[2012-06-08 00:05:47.670] [ debug ]   'SERVER_PROTOCOL' => 'HTTP/1.1',
[2012-06-08 00:05:47.670] [ debug ]   'REQUEST_METHOD' => 'GET',
[2012-06-08 00:05:47.670] [ debug ]   'QUERY_STRING' => '',
[2012-06-08 00:05:47.670] [ debug ]   'REQUEST_URI' => '/serverinfo',
[2012-06-08 00:05:47.670] [ debug ]   'SCRIPT_NAME' => '/index.php',
[2012-06-08 00:05:47.670] [ debug ]   'PATH_INFO' => '/serverinfo',
[2012-06-08 00:05:47.670] [ debug ]   'PATH_TRANSLATED' => 'redirect:/index.php/serverinfo',
[2012-06-08 00:05:47.670] [ debug ]   'PHP_SELF' => '/index.php/serverinfo',
[2012-06-08 00:05:47.670] [ debug ]   'REQUEST_TIME' => 1339085147,
[2012-06-08 00:05:47.670] [ debug ] )
[2012-06-08 00:05:48.127] [ debug ] array (
[2012-06-08 00:05:48.127] [ debug ]   'REDIRECT_STATUS' => '200',
[2012-06-08 00:05:48.127] [ debug ]   'HTTP_HOST' => 'omni.app.com',
[2012-06-08 00:05:48.127] [ debug ]   'HTTP_CONNECTION' => 'keep-alive',
[2012-06-08 00:05:48.127] [ debug ]   'HTTP_CACHE_CONTROL' => 'max-age=0',
[2012-06-08 00:05:48.127] [ debug ]   'HTTP_USER_AGENT' => 'Mozilla/5.0 (Macintosh; Intel Mac OS X 10_7_4) AppleWebKit/536.5 (KHTML, like Gecko) Chrome/19.0.1084.53 Safari/536.5',
[2012-06-08 00:05:48.127] [ debug ]   'HTTP_ACCEPT' => 'text/html,application/xhtml+xml,application/xml;q=0.9,*/*;q=0.8',
[2012-06-08 00:05:48.127] [ debug ]   'HTTP_ACCEPT_ENCODING' => 'gzip,deflate,sdch',
[2012-06-08 00:05:48.127] [ debug ]   'HTTP_ACCEPT_LANGUAGE' => 'zh-CN,zh;q=0.8',
[2012-06-08 00:05:48.127] [ debug ]   'HTTP_ACCEPT_CHARSET' => 'UTF-8,*;q=0.5',
[2012-06-08 00:05:48.127] [ debug ]   'PATH' => '/usr/bin:/bin:/usr/sbin:/sbin',
[2012-06-08 00:05:48.127] [ debug ]   'SERVER_SIGNATURE' => '<address>Apache/2.2.21 (Unix) DAV/2 PHP/5.3.10 with Suhosin-Patch Server at omni.app.com Port 80</address>
[2012-06-08 00:05:48.127] [ debug ] ',
[2012-06-08 00:05:48.127] [ debug ]   'SERVER_SOFTWARE' => 'Apache/2.2.21 (Unix) DAV/2 PHP/5.3.10 with Suhosin-Patch',
[2012-06-08 00:05:48.127] [ debug ]   'SERVER_NAME' => 'omni.app.com',
[2012-06-08 00:05:48.127] [ debug ]   'SERVER_ADDR' => '127.0.0.1',
[2012-06-08 00:05:48.127] [ debug ]   'SERVER_PORT' => '80',
[2012-06-08 00:05:48.127] [ debug ]   'REMOTE_ADDR' => '127.0.0.1',
[2012-06-08 00:05:48.127] [ debug ]   'DOCUMENT_ROOT' => '/Users/hfcorriez/Code/omniapp/app/public',
[2012-06-08 00:05:48.127] [ debug ]   'SERVER_ADMIN' => 'hfcorriez@gmail.com',
[2012-06-08 00:05:48.127] [ debug ]   'SCRIPT_FILENAME' => '/Users/hfcorriez/Code/omniapp/app/public/index.php',
[2012-06-08 00:05:48.127] [ debug ]   'REMOTE_PORT' => '56457',
[2012-06-08 00:05:48.127] [ debug ]   'REDIRECT_URL' => '/serverinfo',
[2012-06-08 00:05:48.127] [ debug ]   'GATEWAY_INTERFACE' => 'CGI/1.1',
[2012-06-08 00:05:48.127] [ debug ]   'SERVER_PROTOCOL' => 'HTTP/1.1',
[2012-06-08 00:05:48.127] [ debug ]   'REQUEST_METHOD' => 'GET',
[2012-06-08 00:05:48.127] [ debug ]   'QUERY_STRING' => '',
[2012-06-08 00:05:48.127] [ debug ]   'REQUEST_URI' => '/serverinfo',
[2012-06-08 00:05:48.127] [ debug ]   'SCRIPT_NAME' => '/index.php',
[2012-06-08 00:05:48.127] [ debug ]   'PATH_INFO' => '/serverinfo',
[2012-06-08 00:05:48.127] [ debug ]   'PATH_TRANSLATED' => 'redirect:/index.php/serverinfo',
[2012-06-08 00:05:48.127] [ debug ]   'PHP_SELF' => '/index.php/serverinfo',
[2012-06-08 00:05:48.127] [ debug ]   'REQUEST_TIME' => 1339085148,
[2012-06-08 00:05:48.127] [ debug ] )
[2012-06-08 00:05:48.889] [ debug ] array (
[2012-06-08 00:05:48.889] [ debug ]   'REDIRECT_STATUS' => '200',
[2012-06-08 00:05:48.889] [ debug ]   'HTTP_HOST' => 'omni.app.com',
[2012-06-08 00:05:48.889] [ debug ]   'HTTP_CONNECTION' => 'keep-alive',
[2012-06-08 00:05:48.889] [ debug ]   'HTTP_CACHE_CONTROL' => 'max-age=0',
[2012-06-08 00:05:48.889] [ debug ]   'HTTP_USER_AGENT' => 'Mozilla/5.0 (Macintosh; Intel Mac OS X 10_7_4) AppleWebKit/536.5 (KHTML, like Gecko) Chrome/19.0.1084.53 Safari/536.5',
[2012-06-08 00:05:48.889] [ debug ]   'HTTP_ACCEPT' => 'text/html,application/xhtml+xml,application/xml;q=0.9,*/*;q=0.8',
[2012-06-08 00:05:48.889] [ debug ]   'HTTP_ACCEPT_ENCODING' => 'gzip,deflate,sdch',
[2012-06-08 00:05:48.889] [ debug ]   'HTTP_ACCEPT_LANGUAGE' => 'zh-CN,zh;q=0.8',
[2012-06-08 00:05:48.889] [ debug ]   'HTTP_ACCEPT_CHARSET' => 'UTF-8,*;q=0.5',
[2012-06-08 00:05:48.889] [ debug ]   'PATH' => '/usr/bin:/bin:/usr/sbin:/sbin',
[2012-06-08 00:05:48.889] [ debug ]   'SERVER_SIGNATURE' => '<address>Apache/2.2.21 (Unix) DAV/2 PHP/5.3.10 with Suhosin-Patch Server at omni.app.com Port 80</address>
[2012-06-08 00:05:48.889] [ debug ] ',
[2012-06-08 00:05:48.889] [ debug ]   'SERVER_SOFTWARE' => 'Apache/2.2.21 (Unix) DAV/2 PHP/5.3.10 with Suhosin-Patch',
[2012-06-08 00:05:48.889] [ debug ]   'SERVER_NAME' => 'omni.app.com',
[2012-06-08 00:05:48.889] [ debug ]   'SERVER_ADDR' => '127.0.0.1',
[2012-06-08 00:05:48.889] [ debug ]   'SERVER_PORT' => '80',
[2012-06-08 00:05:48.889] [ debug ]   'REMOTE_ADDR' => '127.0.0.1',
[2012-06-08 00:05:48.889] [ debug ]   'DOCUMENT_ROOT' => '/Users/hfcorriez/Code/omniapp/app/public',
[2012-06-08 00:05:48.889] [ debug ]   'SERVER_ADMIN' => 'hfcorriez@gmail.com',
[2012-06-08 00:05:48.889] [ debug ]   'SCRIPT_FILENAME' => '/Users/hfcorriez/Code/omniapp/app/public/index.php',
[2012-06-08 00:05:48.889] [ debug ]   'REMOTE_PORT' => '56457',
[2012-06-08 00:05:48.889] [ debug ]   'REDIRECT_URL' => '/serverinfo',
[2012-06-08 00:05:48.889] [ debug ]   'GATEWAY_INTERFACE' => 'CGI/1.1',
[2012-06-08 00:05:48.889] [ debug ]   'SERVER_PROTOCOL' => 'HTTP/1.1',
[2012-06-08 00:05:48.889] [ debug ]   'REQUEST_METHOD' => 'GET',
[2012-06-08 00:05:48.889] [ debug ]   'QUERY_STRING' => '',
[2012-06-08 00:05:48.889] [ debug ]   'REQUEST_URI' => '/serverinfo',
[2012-06-08 00:05:48.889] [ debug ]   'SCRIPT_NAME' => '/index.php',
[2012-06-08 00:05:48.889] [ debug ]   'PATH_INFO' => '/serverinfo',
[2012-06-08 00:05:48.889] [ debug ]   'PATH_TRANSLATED' => 'redirect:/index.php/serverinfo',
[2012-06-08 00:05:48.889] [ debug ]   'PHP_SELF' => '/index.php/serverinfo',
[2012-06-08 00:05:48.889] [ debug ]   'REQUEST_TIME' => 1339085148,
[2012-06-08 00:05:48.889] [ debug ] )
[2012-06-08 00:25:56.491] [ debug ] array (
[2012-06-08 00:25:56.491] [ debug ]   'REDIRECT_STATUS' => '200',
[2012-06-08 00:25:56.491] [ debug ]   'HTTP_HOST' => 'omni.app.com',
[2012-06-08 00:25:56.491] [ debug ]   'HTTP_CONNECTION' => 'keep-alive',
[2012-06-08 00:25:56.491] [ debug ]   'HTTP_CACHE_CONTROL' => 'max-age=0',
[2012-06-08 00:25:56.491] [ debug ]   'HTTP_USER_AGENT' => 'Mozilla/5.0 (Macintosh; Intel Mac OS X 10_7_4) AppleWebKit/536.5 (KHTML, like Gecko) Chrome/19.0.1084.53 Safari/536.5',
[2012-06-08 00:25:56.491] [ debug ]   'HTTP_ACCEPT' => 'text/html,application/xhtml+xml,application/xml;q=0.9,*/*;q=0.8',
[2012-06-08 00:25:56.491] [ debug ]   'HTTP_ACCEPT_ENCODING' => 'gzip,deflate,sdch',
[2012-06-08 00:25:56.491] [ debug ]   'HTTP_ACCEPT_LANGUAGE' => 'zh-CN,zh;q=0.8',
[2012-06-08 00:25:56.491] [ debug ]   'HTTP_ACCEPT_CHARSET' => 'UTF-8,*;q=0.5',
[2012-06-08 00:25:56.491] [ debug ]   'PATH' => '/usr/bin:/bin:/usr/sbin:/sbin',
[2012-06-08 00:25:56.491] [ debug ]   'SERVER_SIGNATURE' => '<address>Apache/2.2.21 (Unix) DAV/2 PHP/5.3.10 with Suhosin-Patch Server at omni.app.com Port 80</address>
[2012-06-08 00:25:56.491] [ debug ] ',
[2012-06-08 00:25:56.491] [ debug ]   'SERVER_SOFTWARE' => 'Apache/2.2.21 (Unix) DAV/2 PHP/5.3.10 with Suhosin-Patch',
[2012-06-08 00:25:56.491] [ debug ]   'SERVER_NAME' => 'omni.app.com',
[2012-06-08 00:25:56.491] [ debug ]   'SERVER_ADDR' => '127.0.0.1',
[2012-06-08 00:25:56.491] [ debug ]   'SERVER_PORT' => '80',
[2012-06-08 00:25:56.491] [ debug ]   'REMOTE_ADDR' => '127.0.0.1',
[2012-06-08 00:25:56.491] [ debug ]   'DOCUMENT_ROOT' => '/Users/hfcorriez/Code/omniapp/app/public',
[2012-06-08 00:25:56.491] [ debug ]   'SERVER_ADMIN' => 'hfcorriez@gmail.com',
[2012-06-08 00:25:56.491] [ debug ]   'SCRIPT_FILENAME' => '/Users/hfcorriez/Code/omniapp/app/public/index.php',
[2012-06-08 00:25:56.491] [ debug ]   'REMOTE_PORT' => '56708',
[2012-06-08 00:25:56.491] [ debug ]   'REDIRECT_URL' => '/serverinfo',
[2012-06-08 00:25:56.491] [ debug ]   'GATEWAY_INTERFACE' => 'CGI/1.1',
[2012-06-08 00:25:56.491] [ debug ]   'SERVER_PROTOCOL' => 'HTTP/1.1',
[2012-06-08 00:25:56.491] [ debug ]   'REQUEST_METHOD' => 'GET',
[2012-06-08 00:25:56.491] [ debug ]   'QUERY_STRING' => '',
[2012-06-08 00:25:56.491] [ debug ]   'REQUEST_URI' => '/serverinfo',
[2012-06-08 00:25:56.491] [ debug ]   'SCRIPT_NAME' => '/index.php',
[2012-06-08 00:25:56.491] [ debug ]   'PATH_INFO' => '/serverinfo',
[2012-06-08 00:25:56.491] [ debug ]   'PATH_TRANSLATED' => 'redirect:/index.php/serverinfo',
[2012-06-08 00:25:56.491] [ debug ]   'PHP_SELF' => '/index.php/serverinfo',
[2012-06-08 00:25:56.491] [ debug ]   'REQUEST_TIME' => 1339086356,
[2012-06-08 00:25:56.491] [ debug ] )
[2012-06-08 00:26:01.661] [ debug ] array (
[2012-06-08 00:26:01.661] [ debug ]   'REDIRECT_STATUS' => '200',
[2012-06-08 00:26:01.661] [ debug ]   'HTTP_HOST' => 'omni.app.com',
[2012-06-08 00:26:01.661] [ debug ]   'HTTP_CONNECTION' => 'keep-alive',
[2012-06-08 00:26:01.661] [ debug ]   'HTTP_CACHE_CONTROL' => 'max-age=0',
[2012-06-08 00:26:01.661] [ debug ]   'HTTP_USER_AGENT' => 'Mozilla/5.0 (Macintosh; Intel Mac OS X 10_7_4) AppleWebKit/536.5 (KHTML, like Gecko) Chrome/19.0.1084.53 Safari/536.5',
[2012-06-08 00:26:01.661] [ debug ]   'HTTP_ACCEPT' => 'text/html,application/xhtml+xml,application/xml;q=0.9,*/*;q=0.8',
[2012-06-08 00:26:01.661] [ debug ]   'HTTP_ACCEPT_ENCODING' => 'gzip,deflate,sdch',
[2012-06-08 00:26:01.661] [ debug ]   'HTTP_ACCEPT_LANGUAGE' => 'zh-CN,zh;q=0.8',
[2012-06-08 00:26:01.661] [ debug ]   'HTTP_ACCEPT_CHARSET' => 'UTF-8,*;q=0.5',
[2012-06-08 00:26:01.661] [ debug ]   'PATH' => '/usr/bin:/bin:/usr/sbin:/sbin',
[2012-06-08 00:26:01.661] [ debug ]   'SERVER_SIGNATURE' => '<address>Apache/2.2.21 (Unix) DAV/2 PHP/5.3.10 with Suhosin-Patch Server at omni.app.com Port 80</address>
[2012-06-08 00:26:01.661] [ debug ] ',
[2012-06-08 00:26:01.661] [ debug ]   'SERVER_SOFTWARE' => 'Apache/2.2.21 (Unix) DAV/2 PHP/5.3.10 with Suhosin-Patch',
[2012-06-08 00:26:01.661] [ debug ]   'SERVER_NAME' => 'omni.app.com',
[2012-06-08 00:26:01.661] [ debug ]   'SERVER_ADDR' => '127.0.0.1',
[2012-06-08 00:26:01.661] [ debug ]   'SERVER_PORT' => '80',
[2012-06-08 00:26:01.661] [ debug ]   'REMOTE_ADDR' => '127.0.0.1',
[2012-06-08 00:26:01.661] [ debug ]   'DOCUMENT_ROOT' => '/Users/hfcorriez/Code/omniapp/app/public',
[2012-06-08 00:26:01.661] [ debug ]   'SERVER_ADMIN' => 'hfcorriez@gmail.com',
[2012-06-08 00:26:01.661] [ debug ]   'SCRIPT_FILENAME' => '/Users/hfcorriez/Code/omniapp/app/public/index.php',
[2012-06-08 00:26:01.661] [ debug ]   'REMOTE_PORT' => '56708',
[2012-06-08 00:26:01.661] [ debug ]   'REDIRECT_URL' => '/serverinfo',
[2012-06-08 00:26:01.661] [ debug ]   'GATEWAY_INTERFACE' => 'CGI/1.1',
[2012-06-08 00:26:01.661] [ debug ]   'SERVER_PROTOCOL' => 'HTTP/1.1',
[2012-06-08 00:26:01.661] [ debug ]   'REQUEST_METHOD' => 'GET',
[2012-06-08 00:26:01.661] [ debug ]   'QUERY_STRING' => '',
[2012-06-08 00:26:01.661] [ debug ]   'REQUEST_URI' => '/serverinfo',
[2012-06-08 00:26:01.661] [ debug ]   'SCRIPT_NAME' => '/index.php',
[2012-06-08 00:26:01.661] [ debug ]   'PATH_INFO' => '/serverinfo',
[2012-06-08 00:26:01.661] [ debug ]   'PATH_TRANSLATED' => 'redirect:/index.php/serverinfo',
[2012-06-08 00:26:01.661] [ debug ]   'PHP_SELF' => '/index.php/serverinfo',
[2012-06-08 00:26:01.661] [ debug ]   'REQUEST_TIME' => 1339086361,
[2012-06-08 00:26:01.661] [ debug ] )
[2012-06-08 00:26:23.529] [ debug ] array (
[2012-06-08 00:26:23.529] [ debug ]   'REDIRECT_STATUS' => '200',
[2012-06-08 00:26:23.529] [ debug ]   'HTTP_HOST' => 'omni.app.com',
[2012-06-08 00:26:23.529] [ debug ]   'HTTP_CONNECTION' => 'keep-alive',
[2012-06-08 00:26:23.529] [ debug ]   'HTTP_CACHE_CONTROL' => 'max-age=0',
[2012-06-08 00:26:23.529] [ debug ]   'HTTP_USER_AGENT' => 'Mozilla/5.0 (Macintosh; Intel Mac OS X 10_7_4) AppleWebKit/536.5 (KHTML, like Gecko) Chrome/19.0.1084.53 Safari/536.5',
[2012-06-08 00:26:23.529] [ debug ]   'HTTP_ACCEPT' => 'text/html,application/xhtml+xml,application/xml;q=0.9,*/*;q=0.8',
[2012-06-08 00:26:23.529] [ debug ]   'HTTP_ACCEPT_ENCODING' => 'gzip,deflate,sdch',
[2012-06-08 00:26:23.529] [ debug ]   'HTTP_ACCEPT_LANGUAGE' => 'zh-CN,zh;q=0.8',
[2012-06-08 00:26:23.529] [ debug ]   'HTTP_ACCEPT_CHARSET' => 'UTF-8,*;q=0.5',
[2012-06-08 00:26:23.529] [ debug ]   'PATH' => '/usr/bin:/bin:/usr/sbin:/sbin',
[2012-06-08 00:26:23.529] [ debug ]   'SERVER_SIGNATURE' => '<address>Apache/2.2.21 (Unix) DAV/2 PHP/5.3.10 with Suhosin-Patch Server at omni.app.com Port 80</address>
[2012-06-08 00:26:23.529] [ debug ] ',
[2012-06-08 00:26:23.529] [ debug ]   'SERVER_SOFTWARE' => 'Apache/2.2.21 (Unix) DAV/2 PHP/5.3.10 with Suhosin-Patch',
[2012-06-08 00:26:23.529] [ debug ]   'SERVER_NAME' => 'omni.app.com',
[2012-06-08 00:26:23.529] [ debug ]   'SERVER_ADDR' => '127.0.0.1',
[2012-06-08 00:26:23.529] [ debug ]   'SERVER_PORT' => '80',
[2012-06-08 00:26:23.529] [ debug ]   'REMOTE_ADDR' => '127.0.0.1',
[2012-06-08 00:26:23.529] [ debug ]   'DOCUMENT_ROOT' => '/Users/hfcorriez/Code/omniapp/app/public',
[2012-06-08 00:26:23.529] [ debug ]   'SERVER_ADMIN' => 'hfcorriez@gmail.com',
[2012-06-08 00:26:23.529] [ debug ]   'SCRIPT_FILENAME' => '/Users/hfcorriez/Code/omniapp/app/public/index.php',
[2012-06-08 00:26:23.529] [ debug ]   'REMOTE_PORT' => '56712',
[2012-06-08 00:26:23.529] [ debug ]   'REDIRECT_URL' => '/serverinfo',
[2012-06-08 00:26:23.529] [ debug ]   'GATEWAY_INTERFACE' => 'CGI/1.1',
[2012-06-08 00:26:23.529] [ debug ]   'SERVER_PROTOCOL' => 'HTTP/1.1',
[2012-06-08 00:26:23.529] [ debug ]   'REQUEST_METHOD' => 'GET',
[2012-06-08 00:26:23.529] [ debug ]   'QUERY_STRING' => '',
[2012-06-08 00:26:23.529] [ debug ]   'REQUEST_URI' => '/serverinfo',
[2012-06-08 00:26:23.529] [ debug ]   'SCRIPT_NAME' => '/index.php',
[2012-06-08 00:26:23.529] [ debug ]   'PATH_INFO' => '/serverinfo',
[2012-06-08 00:26:23.529] [ debug ]   'PATH_TRANSLATED' => 'redirect:/index.php/serverinfo',
[2012-06-08 00:26:23.529] [ debug ]   'PHP_SELF' => '/index.php/serverinfo',
[2012-06-08 00:26:23.529] [ debug ]   'REQUEST_TIME' => 1339086383,
[2012-06-08 00:26:23.529] [ debug ] )
[2012-06-08 00:26:26.474] [ debug ] array (
[2012-06-08 00:26:26.474] [ debug ]   'REDIRECT_STATUS' => '200',
[2012-06-08 00:26:26.474] [ debug ]   'HTTP_HOST' => 'omni.app.com',
[2012-06-08 00:26:26.474] [ debug ]   'HTTP_CONNECTION' => 'keep-alive',
[2012-06-08 00:26:26.474] [ debug ]   'HTTP_CACHE_CONTROL' => 'max-age=0',
[2012-06-08 00:26:26.474] [ debug ]   'HTTP_USER_AGENT' => 'Mozilla/5.0 (Macintosh; Intel Mac OS X 10_7_4) AppleWebKit/536.5 (KHTML, like Gecko) Chrome/19.0.1084.53 Safari/536.5',
[2012-06-08 00:26:26.474] [ debug ]   'HTTP_ACCEPT' => 'text/html,application/xhtml+xml,application/xml;q=0.9,*/*;q=0.8',
[2012-06-08 00:26:26.474] [ debug ]   'HTTP_ACCEPT_ENCODING' => 'gzip,deflate,sdch',
[2012-06-08 00:26:26.474] [ debug ]   'HTTP_ACCEPT_LANGUAGE' => 'zh-CN,zh;q=0.8',
[2012-06-08 00:26:26.474] [ debug ]   'HTTP_ACCEPT_CHARSET' => 'UTF-8,*;q=0.5',
[2012-06-08 00:26:26.474] [ debug ]   'PATH' => '/usr/bin:/bin:/usr/sbin:/sbin',
[2012-06-08 00:26:26.474] [ debug ]   'SERVER_SIGNATURE' => '<address>Apache/2.2.21 (Unix) DAV/2 PHP/5.3.10 with Suhosin-Patch Server at omni.app.com Port 80</address>
[2012-06-08 00:26:26.474] [ debug ] ',
[2012-06-08 00:26:26.474] [ debug ]   'SERVER_SOFTWARE' => 'Apache/2.2.21 (Unix) DAV/2 PHP/5.3.10 with Suhosin-Patch',
[2012-06-08 00:26:26.474] [ debug ]   'SERVER_NAME' => 'omni.app.com',
[2012-06-08 00:26:26.474] [ debug ]   'SERVER_ADDR' => '127.0.0.1',
[2012-06-08 00:26:26.474] [ debug ]   'SERVER_PORT' => '80',
[2012-06-08 00:26:26.474] [ debug ]   'REMOTE_ADDR' => '127.0.0.1',
[2012-06-08 00:26:26.474] [ debug ]   'DOCUMENT_ROOT' => '/Users/hfcorriez/Code/omniapp/app/public',
[2012-06-08 00:26:26.474] [ debug ]   'SERVER_ADMIN' => 'hfcorriez@gmail.com',
[2012-06-08 00:26:26.474] [ debug ]   'SCRIPT_FILENAME' => '/Users/hfcorriez/Code/omniapp/app/public/index.php',
[2012-06-08 00:26:26.474] [ debug ]   'REMOTE_PORT' => '56712',
[2012-06-08 00:26:26.474] [ debug ]   'REDIRECT_URL' => '/serverinfo',
[2012-06-08 00:26:26.474] [ debug ]   'GATEWAY_INTERFACE' => 'CGI/1.1',
[2012-06-08 00:26:26.474] [ debug ]   'SERVER_PROTOCOL' => 'HTTP/1.1',
[2012-06-08 00:26:26.474] [ debug ]   'REQUEST_METHOD' => 'GET',
[2012-06-08 00:26:26.474] [ debug ]   'QUERY_STRING' => '',
[2012-06-08 00:26:26.474] [ debug ]   'REQUEST_URI' => '/serverinfo',
[2012-06-08 00:26:26.474] [ debug ]   'SCRIPT_NAME' => '/index.php',
[2012-06-08 00:26:26.474] [ debug ]   'PATH_INFO' => '/serverinfo',
[2012-06-08 00:26:26.474] [ debug ]   'PATH_TRANSLATED' => 'redirect:/index.php/serverinfo',
[2012-06-08 00:26:26.474] [ debug ]   'PHP_SELF' => '/index.php/serverinfo',
[2012-06-08 00:26:26.474] [ debug ]   'REQUEST_TIME' => 1339086386,
[2012-06-08 00:26:26.474] [ debug ] )
[2012-06-08 00:26:27.525] [ debug ] array (
[2012-06-08 00:26:27.525] [ debug ]   'REDIRECT_STATUS' => '200',
[2012-06-08 00:26:27.525] [ debug ]   'HTTP_HOST' => 'omni.app.com',
[2012-06-08 00:26:27.525] [ debug ]   'HTTP_CONNECTION' => 'keep-alive',
[2012-06-08 00:26:27.525] [ debug ]   'HTTP_CACHE_CONTROL' => 'max-age=0',
[2012-06-08 00:26:27.525] [ debug ]   'HTTP_USER_AGENT' => 'Mozilla/5.0 (Macintosh; Intel Mac OS X 10_7_4) AppleWebKit/536.5 (KHTML, like Gecko) Chrome/19.0.1084.53 Safari/536.5',
[2012-06-08 00:26:27.525] [ debug ]   'HTTP_ACCEPT' => 'text/html,application/xhtml+xml,application/xml;q=0.9,*/*;q=0.8',
[2012-06-08 00:26:27.525] [ debug ]   'HTTP_ACCEPT_ENCODING' => 'gzip,deflate,sdch',
[2012-06-08 00:26:27.525] [ debug ]   'HTTP_ACCEPT_LANGUAGE' => 'zh-CN,zh;q=0.8',
[2012-06-08 00:26:27.525] [ debug ]   'HTTP_ACCEPT_CHARSET' => 'UTF-8,*;q=0.5',
[2012-06-08 00:26:27.525] [ debug ]   'PATH' => '/usr/bin:/bin:/usr/sbin:/sbin',
[2012-06-08 00:26:27.525] [ debug ]   'SERVER_SIGNATURE' => '<address>Apache/2.2.21 (Unix) DAV/2 PHP/5.3.10 with Suhosin-Patch Server at omni.app.com Port 80</address>
[2012-06-08 00:26:27.525] [ debug ] ',
[2012-06-08 00:26:27.525] [ debug ]   'SERVER_SOFTWARE' => 'Apache/2.2.21 (Unix) DAV/2 PHP/5.3.10 with Suhosin-Patch',
[2012-06-08 00:26:27.525] [ debug ]   'SERVER_NAME' => 'omni.app.com',
[2012-06-08 00:26:27.525] [ debug ]   'SERVER_ADDR' => '127.0.0.1',
[2012-06-08 00:26:27.525] [ debug ]   'SERVER_PORT' => '80',
[2012-06-08 00:26:27.525] [ debug ]   'REMOTE_ADDR' => '127.0.0.1',
[2012-06-08 00:26:27.525] [ debug ]   'DOCUMENT_ROOT' => '/Users/hfcorriez/Code/omniapp/app/public',
[2012-06-08 00:26:27.525] [ debug ]   'SERVER_ADMIN' => 'hfcorriez@gmail.com',
[2012-06-08 00:26:27.525] [ debug ]   'SCRIPT_FILENAME' => '/Users/hfcorriez/Code/omniapp/app/public/index.php',
[2012-06-08 00:26:27.525] [ debug ]   'REMOTE_PORT' => '56712',
[2012-06-08 00:26:27.525] [ debug ]   'REDIRECT_URL' => '/serverinfo',
[2012-06-08 00:26:27.525] [ debug ]   'GATEWAY_INTERFACE' => 'CGI/1.1',
[2012-06-08 00:26:27.525] [ debug ]   'SERVER_PROTOCOL' => 'HTTP/1.1',
[2012-06-08 00:26:27.525] [ debug ]   'REQUEST_METHOD' => 'GET',
[2012-06-08 00:26:27.525] [ debug ]   'QUERY_STRING' => '',
[2012-06-08 00:26:27.525] [ debug ]   'REQUEST_URI' => '/serverinfo',
[2012-06-08 00:26:27.525] [ debug ]   'SCRIPT_NAME' => '/index.php',
[2012-06-08 00:26:27.525] [ debug ]   'PATH_INFO' => '/serverinfo',
[2012-06-08 00:26:27.525] [ debug ]   'PATH_TRANSLATED' => 'redirect:/index.php/serverinfo',
[2012-06-08 00:26:27.525] [ debug ]   'PHP_SELF' => '/index.php/serverinfo',
[2012-06-08 00:26:27.525] [ debug ]   'REQUEST_TIME' => 1339086387,
[2012-06-08 00:26:27.525] [ debug ] )
[2012-06-08 00:26:29.012] [ debug ] array (
[2012-06-08 00:26:29.012] [ debug ]   'REDIRECT_STATUS' => '200',
[2012-06-08 00:26:29.012] [ debug ]   'HTTP_HOST' => 'omni.app.com',
[2012-06-08 00:26:29.012] [ debug ]   'HTTP_CONNECTION' => 'keep-alive',
[2012-06-08 00:26:29.012] [ debug ]   'HTTP_CACHE_CONTROL' => 'max-age=0',
[2012-06-08 00:26:29.012] [ debug ]   'HTTP_USER_AGENT' => 'Mozilla/5.0 (Macintosh; Intel Mac OS X 10_7_4) AppleWebKit/536.5 (KHTML, like Gecko) Chrome/19.0.1084.53 Safari/536.5',
[2012-06-08 00:26:29.012] [ debug ]   'HTTP_ACCEPT' => 'text/html,application/xhtml+xml,application/xml;q=0.9,*/*;q=0.8',
[2012-06-08 00:26:29.012] [ debug ]   'HTTP_ACCEPT_ENCODING' => 'gzip,deflate,sdch',
[2012-06-08 00:26:29.012] [ debug ]   'HTTP_ACCEPT_LANGUAGE' => 'zh-CN,zh;q=0.8',
[2012-06-08 00:26:29.012] [ debug ]   'HTTP_ACCEPT_CHARSET' => 'UTF-8,*;q=0.5',
[2012-06-08 00:26:29.012] [ debug ]   'PATH' => '/usr/bin:/bin:/usr/sbin:/sbin',
[2012-06-08 00:26:29.012] [ debug ]   'SERVER_SIGNATURE' => '<address>Apache/2.2.21 (Unix) DAV/2 PHP/5.3.10 with Suhosin-Patch Server at omni.app.com Port 80</address>
[2012-06-08 00:26:29.012] [ debug ] ',
[2012-06-08 00:26:29.012] [ debug ]   'SERVER_SOFTWARE' => 'Apache/2.2.21 (Unix) DAV/2 PHP/5.3.10 with Suhosin-Patch',
[2012-06-08 00:26:29.012] [ debug ]   'SERVER_NAME' => 'omni.app.com',
[2012-06-08 00:26:29.012] [ debug ]   'SERVER_ADDR' => '127.0.0.1',
[2012-06-08 00:26:29.012] [ debug ]   'SERVER_PORT' => '80',
[2012-06-08 00:26:29.012] [ debug ]   'REMOTE_ADDR' => '127.0.0.1',
[2012-06-08 00:26:29.012] [ debug ]   'DOCUMENT_ROOT' => '/Users/hfcorriez/Code/omniapp/app/public',
[2012-06-08 00:26:29.012] [ debug ]   'SERVER_ADMIN' => 'hfcorriez@gmail.com',
[2012-06-08 00:26:29.012] [ debug ]   'SCRIPT_FILENAME' => '/Users/hfcorriez/Code/omniapp/app/public/index.php',
[2012-06-08 00:26:29.012] [ debug ]   'REMOTE_PORT' => '56712',
[2012-06-08 00:26:29.012] [ debug ]   'REDIRECT_URL' => '/serverinfo',
[2012-06-08 00:26:29.012] [ debug ]   'GATEWAY_INTERFACE' => 'CGI/1.1',
[2012-06-08 00:26:29.012] [ debug ]   'SERVER_PROTOCOL' => 'HTTP/1.1',
[2012-06-08 00:26:29.012] [ debug ]   'REQUEST_METHOD' => 'GET',
[2012-06-08 00:26:29.012] [ debug ]   'QUERY_STRING' => '',
[2012-06-08 00:26:29.012] [ debug ]   'REQUEST_URI' => '/serverinfo',
[2012-06-08 00:26:29.012] [ debug ]   'SCRIPT_NAME' => '/index.php',
[2012-06-08 00:26:29.012] [ debug ]   'PATH_INFO' => '/serverinfo',
[2012-06-08 00:26:29.012] [ debug ]   'PATH_TRANSLATED' => 'redirect:/index.php/serverinfo',
[2012-06-08 00:26:29.012] [ debug ]   'PHP_SELF' => '/index.php/serverinfo',
[2012-06-08 00:26:29.012] [ debug ]   'REQUEST_TIME' => 1339086389,
[2012-06-08 00:26:29.012] [ debug ] )
[2012-06-08 00:26:30.054] [ debug ] array (
[2012-06-08 00:26:30.054] [ debug ]   'REDIRECT_STATUS' => '200',
[2012-06-08 00:26:30.054] [ debug ]   'HTTP_HOST' => 'omni.app.com',
[2012-06-08 00:26:30.054] [ debug ]   'HTTP_CONNECTION' => 'keep-alive',
[2012-06-08 00:26:30.054] [ debug ]   'HTTP_CACHE_CONTROL' => 'max-age=0',
[2012-06-08 00:26:30.054] [ debug ]   'HTTP_USER_AGENT' => 'Mozilla/5.0 (Macintosh; Intel Mac OS X 10_7_4) AppleWebKit/536.5 (KHTML, like Gecko) Chrome/19.0.1084.53 Safari/536.5',
[2012-06-08 00:26:30.054] [ debug ]   'HTTP_ACCEPT' => 'text/html,application/xhtml+xml,application/xml;q=0.9,*/*;q=0.8',
[2012-06-08 00:26:30.054] [ debug ]   'HTTP_ACCEPT_ENCODING' => 'gzip,deflate,sdch',
[2012-06-08 00:26:30.054] [ debug ]   'HTTP_ACCEPT_LANGUAGE' => 'zh-CN,zh;q=0.8',
[2012-06-08 00:26:30.054] [ debug ]   'HTTP_ACCEPT_CHARSET' => 'UTF-8,*;q=0.5',
[2012-06-08 00:26:30.054] [ debug ]   'PATH' => '/usr/bin:/bin:/usr/sbin:/sbin',
[2012-06-08 00:26:30.054] [ debug ]   'SERVER_SIGNATURE' => '<address>Apache/2.2.21 (Unix) DAV/2 PHP/5.3.10 with Suhosin-Patch Server at omni.app.com Port 80</address>
[2012-06-08 00:26:30.054] [ debug ] ',
[2012-06-08 00:26:30.054] [ debug ]   'SERVER_SOFTWARE' => 'Apache/2.2.21 (Unix) DAV/2 PHP/5.3.10 with Suhosin-Patch',
[2012-06-08 00:26:30.054] [ debug ]   'SERVER_NAME' => 'omni.app.com',
[2012-06-08 00:26:30.054] [ debug ]   'SERVER_ADDR' => '127.0.0.1',
[2012-06-08 00:26:30.054] [ debug ]   'SERVER_PORT' => '80',
[2012-06-08 00:26:30.054] [ debug ]   'REMOTE_ADDR' => '127.0.0.1',
[2012-06-08 00:26:30.054] [ debug ]   'DOCUMENT_ROOT' => '/Users/hfcorriez/Code/omniapp/app/public',
[2012-06-08 00:26:30.054] [ debug ]   'SERVER_ADMIN' => 'hfcorriez@gmail.com',
[2012-06-08 00:26:30.054] [ debug ]   'SCRIPT_FILENAME' => '/Users/hfcorriez/Code/omniapp/app/public/index.php',
[2012-06-08 00:26:30.054] [ debug ]   'REMOTE_PORT' => '56712',
[2012-06-08 00:26:30.054] [ debug ]   'REDIRECT_URL' => '/serverinfo',
[2012-06-08 00:26:30.054] [ debug ]   'GATEWAY_INTERFACE' => 'CGI/1.1',
[2012-06-08 00:26:30.054] [ debug ]   'SERVER_PROTOCOL' => 'HTTP/1.1',
[2012-06-08 00:26:30.054] [ debug ]   'REQUEST_METHOD' => 'GET',
[2012-06-08 00:26:30.054] [ debug ]   'QUERY_STRING' => '',
[2012-06-08 00:26:30.054] [ debug ]   'REQUEST_URI' => '/serverinfo',
[2012-06-08 00:26:30.054] [ debug ]   'SCRIPT_NAME' => '/index.php',
[2012-06-08 00:26:30.054] [ debug ]   'PATH_INFO' => '/serverinfo',
[2012-06-08 00:26:30.054] [ debug ]   'PATH_TRANSLATED' => 'redirect:/index.php/serverinfo',
[2012-06-08 00:26:30.054] [ debug ]   'PHP_SELF' => '/index.php/serverinfo',
[2012-06-08 00:26:30.054] [ debug ]   'REQUEST_TIME' => 1339086390,
[2012-06-08 00:26:30.054] [ debug ] )
[2012-06-08 00:26:31.220] [ debug ] array (
[2012-06-08 00:26:31.220] [ debug ]   'REDIRECT_STATUS' => '200',
[2012-06-08 00:26:31.220] [ debug ]   'HTTP_HOST' => 'omni.app.com',
[2012-06-08 00:26:31.220] [ debug ]   'HTTP_CONNECTION' => 'keep-alive',
[2012-06-08 00:26:31.220] [ debug ]   'HTTP_CACHE_CONTROL' => 'max-age=0',
[2012-06-08 00:26:31.220] [ debug ]   'HTTP_USER_AGENT' => 'Mozilla/5.0 (Macintosh; Intel Mac OS X 10_7_4) AppleWebKit/536.5 (KHTML, like Gecko) Chrome/19.0.1084.53 Safari/536.5',
[2012-06-08 00:26:31.220] [ debug ]   'HTTP_ACCEPT' => 'text/html,application/xhtml+xml,application/xml;q=0.9,*/*;q=0.8',
[2012-06-08 00:26:31.220] [ debug ]   'HTTP_ACCEPT_ENCODING' => 'gzip,deflate,sdch',
[2012-06-08 00:26:31.220] [ debug ]   'HTTP_ACCEPT_LANGUAGE' => 'zh-CN,zh;q=0.8',
[2012-06-08 00:26:31.220] [ debug ]   'HTTP_ACCEPT_CHARSET' => 'UTF-8,*;q=0.5',
[2012-06-08 00:26:31.220] [ debug ]   'PATH' => '/usr/bin:/bin:/usr/sbin:/sbin',
[2012-06-08 00:26:31.220] [ debug ]   'SERVER_SIGNATURE' => '<address>Apache/2.2.21 (Unix) DAV/2 PHP/5.3.10 with Suhosin-Patch Server at omni.app.com Port 80</address>
[2012-06-08 00:26:31.220] [ debug ] ',
[2012-06-08 00:26:31.220] [ debug ]   'SERVER_SOFTWARE' => 'Apache/2.2.21 (Unix) DAV/2 PHP/5.3.10 with Suhosin-Patch',
[2012-06-08 00:26:31.220] [ debug ]   'SERVER_NAME' => 'omni.app.com',
[2012-06-08 00:26:31.220] [ debug ]   'SERVER_ADDR' => '127.0.0.1',
[2012-06-08 00:26:31.220] [ debug ]   'SERVER_PORT' => '80',
[2012-06-08 00:26:31.220] [ debug ]   'REMOTE_ADDR' => '127.0.0.1',
[2012-06-08 00:26:31.220] [ debug ]   'DOCUMENT_ROOT' => '/Users/hfcorriez/Code/omniapp/app/public',
[2012-06-08 00:26:31.220] [ debug ]   'SERVER_ADMIN' => 'hfcorriez@gmail.com',
[2012-06-08 00:26:31.220] [ debug ]   'SCRIPT_FILENAME' => '/Users/hfcorriez/Code/omniapp/app/public/index.php',
[2012-06-08 00:26:31.220] [ debug ]   'REMOTE_PORT' => '56712',
[2012-06-08 00:26:31.220] [ debug ]   'REDIRECT_URL' => '/serverinfo',
[2012-06-08 00:26:31.220] [ debug ]   'GATEWAY_INTERFACE' => 'CGI/1.1',
[2012-06-08 00:26:31.220] [ debug ]   'SERVER_PROTOCOL' => 'HTTP/1.1',
[2012-06-08 00:26:31.220] [ debug ]   'REQUEST_METHOD' => 'GET',
[2012-06-08 00:26:31.220] [ debug ]   'QUERY_STRING' => '',
[2012-06-08 00:26:31.220] [ debug ]   'REQUEST_URI' => '/serverinfo',
[2012-06-08 00:26:31.220] [ debug ]   'SCRIPT_NAME' => '/index.php',
[2012-06-08 00:26:31.220] [ debug ]   'PATH_INFO' => '/serverinfo',
[2012-06-08 00:26:31.220] [ debug ]   'PATH_TRANSLATED' => 'redirect:/index.php/serverinfo',
[2012-06-08 00:26:31.220] [ debug ]   'PHP_SELF' => '/index.php/serverinfo',
[2012-06-08 00:26:31.220] [ debug ]   'REQUEST_TIME' => 1339086391,
[2012-06-08 00:26:31.220] [ debug ] )
[2012-06-08 00:28:47.545] [ debug ] array (
[2012-06-08 00:28:47.545] [ debug ]   'REDIRECT_STATUS' => '200',
[2012-06-08 00:28:47.545] [ debug ]   'HTTP_HOST' => 'omni.app.com',
[2012-06-08 00:28:47.545] [ debug ]   'HTTP_CONNECTION' => 'keep-alive',
[2012-06-08 00:28:47.545] [ debug ]   'HTTP_CACHE_CONTROL' => 'max-age=0',
[2012-06-08 00:28:47.545] [ debug ]   'HTTP_USER_AGENT' => 'Mozilla/5.0 (Macintosh; Intel Mac OS X 10_7_4) AppleWebKit/536.5 (KHTML, like Gecko) Chrome/19.0.1084.53 Safari/536.5',
[2012-06-08 00:28:47.545] [ debug ]   'HTTP_ACCEPT' => 'text/html,application/xhtml+xml,application/xml;q=0.9,*/*;q=0.8',
[2012-06-08 00:28:47.545] [ debug ]   'HTTP_ACCEPT_ENCODING' => 'gzip,deflate,sdch',
[2012-06-08 00:28:47.545] [ debug ]   'HTTP_ACCEPT_LANGUAGE' => 'zh-CN,zh;q=0.8',
[2012-06-08 00:28:47.545] [ debug ]   'HTTP_ACCEPT_CHARSET' => 'UTF-8,*;q=0.5',
[2012-06-08 00:28:47.545] [ debug ]   'PATH' => '/usr/bin:/bin:/usr/sbin:/sbin',
[2012-06-08 00:28:47.545] [ debug ]   'SERVER_SIGNATURE' => '<address>Apache/2.2.21 (Unix) DAV/2 PHP/5.3.10 with Suhosin-Patch Server at omni.app.com Port 80</address>
[2012-06-08 00:28:47.545] [ debug ] ',
[2012-06-08 00:28:47.545] [ debug ]   'SERVER_SOFTWARE' => 'Apache/2.2.21 (Unix) DAV/2 PHP/5.3.10 with Suhosin-Patch',
[2012-06-08 00:28:47.545] [ debug ]   'SERVER_NAME' => 'omni.app.com',
[2012-06-08 00:28:47.545] [ debug ]   'SERVER_ADDR' => '127.0.0.1',
[2012-06-08 00:28:47.545] [ debug ]   'SERVER_PORT' => '80',
[2012-06-08 00:28:47.545] [ debug ]   'REMOTE_ADDR' => '127.0.0.1',
[2012-06-08 00:28:47.545] [ debug ]   'DOCUMENT_ROOT' => '/Users/hfcorriez/Code/omniapp/app/public',
[2012-06-08 00:28:47.545] [ debug ]   'SERVER_ADMIN' => 'hfcorriez@gmail.com',
[2012-06-08 00:28:47.545] [ debug ]   'SCRIPT_FILENAME' => '/Users/hfcorriez/Code/omniapp/app/public/index.php',
[2012-06-08 00:28:47.545] [ debug ]   'REMOTE_PORT' => '56842',
[2012-06-08 00:28:47.545] [ debug ]   'REDIRECT_URL' => '/serverinfo',
[2012-06-08 00:28:47.545] [ debug ]   'GATEWAY_INTERFACE' => 'CGI/1.1',
[2012-06-08 00:28:47.545] [ debug ]   'SERVER_PROTOCOL' => 'HTTP/1.1',
[2012-06-08 00:28:47.545] [ debug ]   'REQUEST_METHOD' => 'GET',
[2012-06-08 00:28:47.545] [ debug ]   'QUERY_STRING' => '',
[2012-06-08 00:28:47.545] [ debug ]   'REQUEST_URI' => '/serverinfo',
[2012-06-08 00:28:47.545] [ debug ]   'SCRIPT_NAME' => '/index.php',
[2012-06-08 00:28:47.545] [ debug ]   'PATH_INFO' => '/serverinfo',
[2012-06-08 00:28:47.545] [ debug ]   'PATH_TRANSLATED' => 'redirect:/index.php/serverinfo',
[2012-06-08 00:28:47.545] [ debug ]   'PHP_SELF' => '/index.php/serverinfo',
[2012-06-08 00:28:47.545] [ debug ]   'REQUEST_TIME' => 1339086527,
[2012-06-08 00:28:47.545] [ debug ] )
[2012-06-08 00:28:57.523] [ debug ] array (
[2012-06-08 00:28:57.523] [ debug ]   'REDIRECT_STATUS' => '200',
[2012-06-08 00:28:57.523] [ debug ]   'HTTP_HOST' => 'omni.app.com',
[2012-06-08 00:28:57.523] [ debug ]   'HTTP_CONNECTION' => 'keep-alive',
[2012-06-08 00:28:57.523] [ debug ]   'HTTP_CACHE_CONTROL' => 'max-age=0',
[2012-06-08 00:28:57.523] [ debug ]   'HTTP_USER_AGENT' => 'Mozilla/5.0 (Macintosh; Intel Mac OS X 10_7_4) AppleWebKit/536.5 (KHTML, like Gecko) Chrome/19.0.1084.53 Safari/536.5',
[2012-06-08 00:28:57.523] [ debug ]   'HTTP_ACCEPT' => 'text/html,application/xhtml+xml,application/xml;q=0.9,*/*;q=0.8',
[2012-06-08 00:28:57.523] [ debug ]   'HTTP_ACCEPT_ENCODING' => 'gzip,deflate,sdch',
[2012-06-08 00:28:57.523] [ debug ]   'HTTP_ACCEPT_LANGUAGE' => 'zh-CN,zh;q=0.8',
[2012-06-08 00:28:57.523] [ debug ]   'HTTP_ACCEPT_CHARSET' => 'UTF-8,*;q=0.5',
[2012-06-08 00:28:57.523] [ debug ]   'PATH' => '/usr/bin:/bin:/usr/sbin:/sbin',
[2012-06-08 00:28:57.523] [ debug ]   'SERVER_SIGNATURE' => '<address>Apache/2.2.21 (Unix) DAV/2 PHP/5.3.10 with Suhosin-Patch Server at omni.app.com Port 80</address>
[2012-06-08 00:28:57.523] [ debug ] ',
[2012-06-08 00:28:57.523] [ debug ]   'SERVER_SOFTWARE' => 'Apache/2.2.21 (Unix) DAV/2 PHP/5.3.10 with Suhosin-Patch',
[2012-06-08 00:28:57.523] [ debug ]   'SERVER_NAME' => 'omni.app.com',
[2012-06-08 00:28:57.523] [ debug ]   'SERVER_ADDR' => '127.0.0.1',
[2012-06-08 00:28:57.523] [ debug ]   'SERVER_PORT' => '80',
[2012-06-08 00:28:57.523] [ debug ]   'REMOTE_ADDR' => '127.0.0.1',
[2012-06-08 00:28:57.523] [ debug ]   'DOCUMENT_ROOT' => '/Users/hfcorriez/Code/omniapp/app/public',
[2012-06-08 00:28:57.523] [ debug ]   'SERVER_ADMIN' => 'hfcorriez@gmail.com',
[2012-06-08 00:28:57.523] [ debug ]   'SCRIPT_FILENAME' => '/Users/hfcorriez/Code/omniapp/app/public/index.php',
[2012-06-08 00:28:57.523] [ debug ]   'REMOTE_PORT' => '56842',
[2012-06-08 00:28:57.523] [ debug ]   'REDIRECT_URL' => '/serverinfo',
[2012-06-08 00:28:57.523] [ debug ]   'GATEWAY_INTERFACE' => 'CGI/1.1',
[2012-06-08 00:28:57.523] [ debug ]   'SERVER_PROTOCOL' => 'HTTP/1.1',
[2012-06-08 00:28:57.523] [ debug ]   'REQUEST_METHOD' => 'GET',
[2012-06-08 00:28:57.523] [ debug ]   'QUERY_STRING' => '',
[2012-06-08 00:28:57.523] [ debug ]   'REQUEST_URI' => '/serverinfo',
[2012-06-08 00:28:57.523] [ debug ]   'SCRIPT_NAME' => '/index.php',
[2012-06-08 00:28:57.523] [ debug ]   'PATH_INFO' => '/serverinfo',
[2012-06-08 00:28:57.523] [ debug ]   'PATH_TRANSLATED' => 'redirect:/index.php/serverinfo',
[2012-06-08 00:28:57.523] [ debug ]   'PHP_SELF' => '/index.php/serverinfo',
[2012-06-08 00:28:57.523] [ debug ]   'REQUEST_TIME' => 1339086537,
[2012-06-08 00:28:57.523] [ debug ] )
[2012-06-08 00:28:58.630] [ debug ] array (
[2012-06-08 00:28:58.630] [ debug ]   'REDIRECT_STATUS' => '200',
[2012-06-08 00:28:58.630] [ debug ]   'HTTP_HOST' => 'omni.app.com',
[2012-06-08 00:28:58.630] [ debug ]   'HTTP_CONNECTION' => 'keep-alive',
[2012-06-08 00:28:58.630] [ debug ]   'HTTP_CACHE_CONTROL' => 'max-age=0',
[2012-06-08 00:28:58.630] [ debug ]   'HTTP_USER_AGENT' => 'Mozilla/5.0 (Macintosh; Intel Mac OS X 10_7_4) AppleWebKit/536.5 (KHTML, like Gecko) Chrome/19.0.1084.53 Safari/536.5',
[2012-06-08 00:28:58.630] [ debug ]   'HTTP_ACCEPT' => 'text/html,application/xhtml+xml,application/xml;q=0.9,*/*;q=0.8',
[2012-06-08 00:28:58.630] [ debug ]   'HTTP_ACCEPT_ENCODING' => 'gzip,deflate,sdch',
[2012-06-08 00:28:58.630] [ debug ]   'HTTP_ACCEPT_LANGUAGE' => 'zh-CN,zh;q=0.8',
[2012-06-08 00:28:58.630] [ debug ]   'HTTP_ACCEPT_CHARSET' => 'UTF-8,*;q=0.5',
[2012-06-08 00:28:58.630] [ debug ]   'PATH' => '/usr/bin:/bin:/usr/sbin:/sbin',
[2012-06-08 00:28:58.630] [ debug ]   'SERVER_SIGNATURE' => '<address>Apache/2.2.21 (Unix) DAV/2 PHP/5.3.10 with Suhosin-Patch Server at omni.app.com Port 80</address>
[2012-06-08 00:28:58.630] [ debug ] ',
[2012-06-08 00:28:58.630] [ debug ]   'SERVER_SOFTWARE' => 'Apache/2.2.21 (Unix) DAV/2 PHP/5.3.10 with Suhosin-Patch',
[2012-06-08 00:28:58.630] [ debug ]   'SERVER_NAME' => 'omni.app.com',
[2012-06-08 00:28:58.630] [ debug ]   'SERVER_ADDR' => '127.0.0.1',
[2012-06-08 00:28:58.630] [ debug ]   'SERVER_PORT' => '80',
[2012-06-08 00:28:58.630] [ debug ]   'REMOTE_ADDR' => '127.0.0.1',
[2012-06-08 00:28:58.630] [ debug ]   'DOCUMENT_ROOT' => '/Users/hfcorriez/Code/omniapp/app/public',
[2012-06-08 00:28:58.630] [ debug ]   'SERVER_ADMIN' => 'hfcorriez@gmail.com',
[2012-06-08 00:28:58.630] [ debug ]   'SCRIPT_FILENAME' => '/Users/hfcorriez/Code/omniapp/app/public/index.php',
[2012-06-08 00:28:58.630] [ debug ]   'REMOTE_PORT' => '56842',
[2012-06-08 00:28:58.630] [ debug ]   'REDIRECT_URL' => '/serverinfo',
[2012-06-08 00:28:58.630] [ debug ]   'GATEWAY_INTERFACE' => 'CGI/1.1',
[2012-06-08 00:28:58.630] [ debug ]   'SERVER_PROTOCOL' => 'HTTP/1.1',
[2012-06-08 00:28:58.630] [ debug ]   'REQUEST_METHOD' => 'GET',
[2012-06-08 00:28:58.630] [ debug ]   'QUERY_STRING' => '',
[2012-06-08 00:28:58.630] [ debug ]   'REQUEST_URI' => '/serverinfo',
[2012-06-08 00:28:58.630] [ debug ]   'SCRIPT_NAME' => '/index.php',
[2012-06-08 00:28:58.630] [ debug ]   'PATH_INFO' => '/serverinfo',
[2012-06-08 00:28:58.630] [ debug ]   'PATH_TRANSLATED' => 'redirect:/index.php/serverinfo',
[2012-06-08 00:28:58.630] [ debug ]   'PHP_SELF' => '/index.php/serverinfo',
[2012-06-08 00:28:58.630] [ debug ]   'REQUEST_TIME' => 1339086538,
[2012-06-08 00:28:58.630] [ debug ] )
